<?xml version="1.0" encoding="utf-8"?><testsuites name="pytest tests"><testsuite name="pytest" errors="0" failures="1" skipped="0" tests="23" time="3.577" timestamp="2026-04-29T08:37:49.611191+00:00" hostname="agent-env-d3e4fa17-7609-46e8-bb28-3ab59fb4eebd"><testcase classname="backend.tests.backend_test.TestCategories" name="test_categories_returns_six" time="0.266" /><testcase classname="backend.tests.backend_test.TestProducts" name="test_list_products" time="0.047" /><testcase classname="backend.tests.backend_test.TestProducts" name="test_get_single_product" time="0.094" /><testcase classname="backend.tests.backend_test.TestProducts" name="test_get_product_404" time="0.046" /><testcase classname="backend.tests.backend_test.TestAuth" name="test_login_admin" time="0.296" /><testcase classname="backend.tests.backend_test.TestAuth" name="test_login_invalid_password" time="0.270" /><testcase classname="backend.tests.backend_test.TestAuth" name="test_register_creates_user" time="0.277"><failure message="AssertionError: assert 'test_reg_3c6...3@example.com' == 'TEST_reg_3c6...3@example.com'&#10;  &#10;  - TEST_reg_3c683263@example.com&#10;  ? ^^^^&#10;  + test_reg_3c683263@example.com&#10;  ? ^^^^">backend/tests/backend_test.py:95: in test_register_creates_user
    assert data["user"]["email"] == email
E   AssertionError: assert 'test_reg_3c6...3@example.com' == 'TEST_reg_3c6...3@example.com'
E     
E     - TEST_reg_3c683263@example.com
E     ? ^^^^
E     + test_reg_3c683263@example.com
E     ? ^^^^</failure></testcase><testcase classname="backend.tests.backend_test.TestAuth" name="test_register_duplicate" time="0.046" /><testcase classname="backend.tests.backend_test.TestAuth" name="test_me_with_token" time="0.311" /><testcase classname="backend.tests.backend_test.TestAuth" name="test_me_without_token" time="0.151" /><testcase classname="backend.tests.backend_test.TestAdminProducts" name="test_create_product_persists" time="0.143" /><testcase classname="backend.tests.backend_test.TestAdminProducts" name="test_update_product" time="0.181" /><testcase classname="backend.tests.backend_test.TestAdminProducts" name="test_delete_product" time="0.136" /><testcase classname="backend.tests.backend_test.TestAdminProducts" name="test_non_admin_create_forbidden" time="0.314" /><testcase classname="backend.tests.backend_test.TestAdminProducts" name="test_non_admin_dashboard_forbidden" time="0.047" /><testcase classname="backend.tests.backend_test.TestDiscounts" name="test_validate_welcome10" time="0.046" /><testcase classname="backend.tests.backend_test.TestDiscounts" name="test_validate_invalid" time="0.045" /><testcase classname="backend.tests.backend_test.TestOrders" name="test_create_order_with_discount" time="0.149" /><testcase classname="backend.tests.backend_test.TestOrders" name="test_order_insufficient_stock" time="0.092" /><testcase classname="backend.tests.backend_test.TestOrders" name="test_my_orders" time="0.137" /><testcase classname="backend.tests.backend_test.TestAdminOps" name="test_admin_orders_list" time="0.047" /><testcase classname="backend.tests.backend_test.TestAdminOps" name="test_admin_dashboard" time="0.047" /><testcase classname="backend.tests.backend_test.TestAdminOps" name="test_update_order_status" time="0.191" /></testsuite></testsuites>